#
# There is insufficient memory for the Java Runtime Environment to continue.
# Native memory allocation (malloc) failed to allocate 255696 bytes for Chunk::new
# Possible reasons:
#   The system is out of physical RAM or swap space
#   In 32 bit mode, the process size limit was hit
# Possible solutions:
#   Reduce memory load on the system
#   Increase physical memory or swap space
#   Check if swap backing store is full
#   Use 64 bit Java on a 64 bit OS
#   Decrease Java heap size (-Xmx/-Xms)
#   Decrease number of Java threads
#   Decrease Java thread stack sizes (-Xss)
#   Set larger code cache with -XX:ReservedCodeCacheSize=
# This output file may be truncated or incomplete.
#
#  Out of Memory Error (allocation.cpp:390), pid=7836, tid=0x0000000000001b6c
#
# JRE version: OpenJDK Runtime Environment (8.0_76-b03) (build 1.8.0_76-release-b03)
# Java VM: OpenJDK 64-Bit Server VM (25.76-b03 mixed mode windows-amd64 compressed oops)
# Failed to write core dump. Minidumps are not enabled by default on client versions of Windows
#

---------------  T H R E A D  ---------------

Current thread (0x000000001511a800):  JavaThread "C2 CompilerThread0" daemon [_thread_in_native, id=7020, stack(0x0000000016780000,0x0000000016880000)]

Stack: [0x0000000016780000,0x0000000016880000]
[error occurred during error reporting (printing stack bounds), id 0xc0000005]

Native frames: (J=compiled Java code, j=interpreted, Vv=VM code, C=native code)


Current CompileTask:
C2:   4194 1215   !   4       com.android.dx.cf.code.BytecodeArray::parseInstruction (2764 bytes)


---------------  P R O C E S S  ---------------

Java Threads: ( => current thread )
  0x0000000016c4d800 JavaThread "pool-2-thread-4" [_thread_blocked, id=6840, stack(0x0000000017480000,0x0000000017580000)]
  0x0000000016c4c800 JavaThread "pool-2-thread-3" [_thread_blocked, id=4568, stack(0x0000000017380000,0x0000000017480000)]
  0x0000000016c49800 JavaThread "pool-2-thread-2" [_thread_blocked, id=7240, stack(0x0000000017280000,0x0000000017380000)]
  0x0000000016c3c000 JavaThread "pool-3-thread-1" [_thread_blocked, id=7324, stack(0x0000000017180000,0x0000000017280000)]
  0x0000000016c3b800 JavaThread "pool-2-thread-1" [_thread_in_Java, id=7744, stack(0x0000000017080000,0x0000000017180000)]
  0x000000001517e000 JavaThread "Service Thread" daemon [_thread_blocked, id=6544, stack(0x0000000016e80000,0x0000000016f80000)]
  0x0000000016983800 JavaThread "C1 CompilerThread2" daemon [_thread_blocked, id=7628, stack(0x0000000016d80000,0x0000000016e80000)]
  0x0000000015126800 JavaThread "C2 CompilerThread1" daemon [_thread_in_native, id=7532, stack(0x0000000016880000,0x0000000016980000)]
=>0x000000001511a800 JavaThread "C2 CompilerThread0" daemon [_thread_in_native, id=7020, stack(0x0000000016780000,0x0000000016880000)]
  0x0000000015119000 JavaThread "Attach Listener" daemon [_thread_blocked, id=8100, stack(0x0000000016680000,0x0000000016780000)]
  0x0000000015117800 JavaThread "Signal Dispatcher" daemon [_thread_blocked, id=8052, stack(0x0000000016580000,0x0000000016680000)]
  0x0000000002a45000 JavaThread "Finalizer" daemon [_thread_blocked, id=7768, stack(0x0000000016380000,0x0000000016480000)]
  0x0000000002a3f800 JavaThread "Reference Handler" daemon [_thread_blocked, id=3320, stack(0x0000000016280000,0x0000000016380000)]
  0x0000000002950800 JavaThread "main" [_thread_in_Java, id=556, stack(0x0000000002850000,0x0000000002950000)]

Other Threads:
  0x00000000150e4800 VMThread [stack: 0x0000000016180000,0x0000000016280000] [id=2808]
  0x000000001698a800 WatcherThread [stack: 0x0000000016f80000,0x0000000017080000] [id=8140]

VM state:not at safepoint (normal execution)

VM Mutex/Monitor currently owned by a thread: None

Heap:
 PSYoungGen      total 17920K, used 14537K [0x00000000eab00000, 0x00000000ece00000, 0x0000000100000000)
  eden space 15360K, 78% used [0x00000000eab00000,0x00000000eb6b3a58,0x00000000eba00000)
  from space 2560K, 99% used [0x00000000ebc80000,0x00000000ebefeaa0,0x00000000ebf00000)
  to   space 2560K, 0% used [0x00000000eba00000,0x00000000eba00000,0x00000000ebc80000)
 ParOldGen       total 40960K, used 1703K [0x00000000c0000000, 0x00000000c2800000, 0x00000000eab00000)
  object space 40960K, 4% used [0x00000000c0000000,0x00000000c01a9ec0,0x00000000c2800000)
 Metaspace       used 5994K, capacity 6960K, committed 7040K, reserved 1056768K
  class space    used 573K, capacity 616K, committed 640K, reserved 1048576K

Card table byte_map: [0x0000000011e10000,0x0000000012020000] byte_map_base: 0x0000000011810000

Marking Bits: (ParMarkBitMap*) 0x000000005cf59d00
 Begin Bits: [0x0000000012580000, 0x0000000013580000)
 End Bits:   [0x0000000013580000, 0x0000000014580000)

Polling page: 0x0000000000ec0000

CodeCache: size=245760Kb used=5175Kb max_used=5175Kb free=240584Kb
 bounds [0x0000000002a50000, 0x0000000002f70000, 0x0000000011a50000]
 total_blobs=1551 nmethods=1284 adapters=182
 compilation: enabled

Compilation events (10 events):
Event: 4.142 Thread 0x0000000016983800 1292       3       com.android.dx.cf.iface.StdMethodList::get (9 bytes)
Event: 4.142 Thread 0x0000000016983800 nmethod 1292 0x0000000002f60bd0 code [0x0000000002f60d40, 0x0000000002f61048]
Event: 4.142 Thread 0x0000000016983800 1293       3       com.android.dx.rop.code.AccessFlags::isPrivate (12 bytes)
Event: 4.143 Thread 0x0000000016983800 nmethod 1293 0x0000000002f61110 code [0x0000000002f61260, 0x0000000002f613f0]
Event: 4.143 Thread 0x0000000016983800 1285       1       com.android.dx.cf.attrib.InnerClassList$Item::getInnerClass (5 bytes)
Event: 4.143 Thread 0x0000000016983800 nmethod 1285 0x0000000002f61490 code [0x0000000002f615e0, 0x0000000002f616f0]
Event: 4.143 Thread 0x0000000016983800 1294       3       com.android.dx.rop.code.LocalItem::compareTo (9 bytes)
Event: 4.143 Thread 0x0000000016983800 nmethod 1294 0x0000000002f61750 code [0x0000000002f61900, 0x0000000002f61fd8]
Event: 4.143 Thread 0x0000000016983800 1286       1       com.android.dx.cf.attrib.InnerClassList$Item::getOuterClass (5 bytes)
Event: 4.144 Thread 0x0000000016983800 nmethod 1286 0x0000000002f62250 code [0x0000000002f623a0, 0x0000000002f624b0]

GC Heap History (4 events):
Event: 1.024 GC heap before
{Heap before GC invocations=1 (full 0):
 PSYoungGen      total 17920K, used 15360K [0x00000000eab00000, 0x00000000ebf00000, 0x0000000100000000)
  eden space 15360K, 100% used [0x00000000eab00000,0x00000000eba00000,0x00000000eba00000)
  from space 2560K, 0% used [0x00000000ebc80000,0x00000000ebc80000,0x00000000ebf00000)
  to   space 2560K, 0% used [0x00000000eba00000,0x00000000eba00000,0x00000000ebc80000)
 ParOldGen       total 40960K, used 0K [0x00000000c0000000, 0x00000000c2800000, 0x00000000eab00000)
  object space 40960K, 0% used [0x00000000c0000000,0x00000000c0000000,0x00000000c2800000)
 Metaspace       used 3332K, capacity 4720K, committed 4864K, reserved 1056768K
  class space    used 350K, capacity 424K, committed 512K, reserved 1048576K
Event: 1.026 GC heap after
Heap after GC invocations=1 (full 0):
 PSYoungGen      total 17920K, used 877K [0x00000000eab00000, 0x00000000ebf00000, 0x0000000100000000)
  eden space 15360K, 0% used [0x00000000eab00000,0x00000000eab00000,0x00000000eba00000)
  from space 2560K, 34% used [0x00000000eba00000,0x00000000ebadb678,0x00000000ebc80000)
  to   space 2560K, 0% used [0x00000000ebc80000,0x00000000ebc80000,0x00000000ebf00000)
 ParOldGen       total 40960K, used 8K [0x00000000c0000000, 0x00000000c2800000, 0x00000000eab00000)
  object space 40960K, 0% used [0x00000000c0000000,0x00000000c0002000,0x00000000c2800000)
 Metaspace       used 3332K, capacity 4720K, committed 4864K, reserved 1056768K
  class space    used 350K, capacity 424K, committed 512K, reserved 1048576K
}
Event: 3.346 GC heap before
{Heap before GC invocations=2 (full 0):
 PSYoungGen      total 17920K, used 16237K [0x00000000eab00000, 0x00000000ebf00000, 0x0000000100000000)
  eden space 15360K, 100% used [0x00000000eab00000,0x00000000eba00000,0x00000000eba00000)
  from space 2560K, 34% used [0x00000000eba00000,0x00000000ebadb678,0x00000000ebc80000)
  to   space 2560K, 0% used [0x00000000ebc80000,0x00000000ebc80000,0x00000000ebf00000)
 ParOldGen       total 40960K, used 8K [0x00000000c0000000, 0x00000000c2800000, 0x00000000eab00000)
  object space 40960K, 0% used [0x00000000c0000000,0x00000000c0002000,0x00000000c2800000)
 Metaspace       used 5758K, capacity 6768K, committed 7040K, reserved 1056768K
  class space    used 572K, capacity 616K, committed 640K, reserved 1048576K
Event: 3.391 GC heap after
Heap after GC invocations=2 (full 0):
 PSYoungGen      total 17920K, used 2554K [0x00000000eab00000, 0x00000000ece00000, 0x0000000100000000)
  eden space 15360K, 0% used [0x00000000eab00000,0x00000000eab00000,0x00000000eba00000)
  from space 2560K, 99% used [0x00000000ebc80000,0x00000000ebefeaa0,0x00000000ebf00000)
  to   space 2560K, 0% used [0x00000000eba00000,0x00000000eba00000,0x00000000ebc80000)
 ParOldGen       total 40960K, used 1703K [0x00000000c0000000, 0x00000000c2800000, 0x00000000eab00000)
  object space 40960K, 4% used [0x00000000c0000000,0x00000000c01a9ec0,0x00000000c2800000)
 Metaspace       used 5758K, capacity 6768K, committed 7040K, reserved 1056768K
  class space    used 572K, capacity 616K, committed 640K, reserved 1048576K
}

Deoptimization events (7 events):
Event: 2.568 Thread 0x0000000016c49800 Uncommon trap: reason=unstable_if action=reinterpret pc=0x0000000002c69e58 method=com.android.dx.rop.code.RegisterSpec.equals(ILcom/android/dx/rop/type/TypeBearer;Lcom/android/dx/rop/code/LocalItem;)Z @ 16
Event: 2.776 Thread 0x0000000002950800 Uncommon trap: reason=unstable_if action=reinterpret pc=0x0000000002c67f30 method=java.util.BitSet.nextSetBit(I)I @ 87
Event: 3.447 Thread 0x0000000016c4d800 Uncommon trap: reason=unloaded action=reinterpret pc=0x0000000002d74724 method=com.android.dx.ssa.SsaRenamer$BlockRenamer.visitMoveInsn(Lcom/android/dx/ssa/NormalSsaInsn;)V @ 208
Event: 3.448 Thread 0x0000000016c4d800 Uncommon trap: reason=unstable_if action=reinterpret pc=0x0000000002dbbea8 method=com.android.dx.ssa.NormalSsaInsn.getLocalAssignment()Lcom/android/dx/rop/code/RegisterSpec; @ 12
Event: 3.448 Thread 0x0000000016c4d800 Uncommon trap: reason=unstable_if action=reinterpret pc=0x0000000002dbc1f0 method=com.android.dx.ssa.NormalSsaInsn.getLocalAssignment()Lcom/android/dx/rop/code/RegisterSpec; @ 12
Event: 3.507 Thread 0x0000000016c4d800 Uncommon trap: reason=unstable_if action=reinterpret pc=0x0000000002def910 method=com.android.dx.ssa.NormalSsaInsn.getLocalAssignment()Lcom/android/dx/rop/code/RegisterSpec; @ 12
Event: 3.998 Thread 0x0000000002950800 Uncommon trap: reason=unstable_if action=reinterpret pc=0x0000000002e52e9c method=com.android.dx.ssa.SsaMethod.updateOneDefinition(Lcom/android/dx/ssa/SsaInsn;Lcom/android/dx/rop/code/RegisterSpec;)V @ 4

Internal exceptions (2 events):
Event: 0.187 Thread 0x0000000002950800 Exception <a 'java/lang/NoSuchMethodError': Method sun.misc.Unsafe.defineClass(Ljava/lang/String;[BII)Ljava/lang/Class; name or signature does not match> (0x00000000eab07cc0) thrown at [C:\src\android\AOSP-openjdk\external\jetbrains\jdk\hotspot\src\share\v°Äò­6ÿÇ?
Event: 0.187 Thread 0x0000000002950800 Exception <a 'java/lang/NoSuchMethodError': Method sun.misc.Unsafe.prefetchRead(Ljava/lang/Object;J)V name or signature does not match> (0x00000000eab07fa8) thrown at [C:\src\android\AOSP-openjdk\external\jetbrains\jdk\hotspot\src\share\vm\prims\jni.cpp, l

Events (10 events):
Event: 3.508 Thread 0x0000000016c4d800 DEOPT UNPACKING pc=0x0000000002a9556a sp=0x000000001757e3b8 mode 2
Event: 3.773 loading class com/android/dx/cf/code/BytecodeArray$ConstantParserVisitor
Event: 3.773 loading class com/android/dx/cf/code/BytecodeArray$ConstantParserVisitor done
Event: 3.997 loading class com/android/dx/rop/code/RegOps
Event: 3.997 loading class com/android/dx/rop/code/RegOps done
Event: 3.998 Thread 0x0000000002950800 Uncommon trap: trap_request=0xffffff65 fr.pc=0x0000000002e52e9c
Event: 3.998 Thread 0x0000000002950800 DEOPT PACKING pc=0x0000000002e52e9c sp=0x000000000294e2e0
Event: 3.998 Thread 0x0000000002950800 DEOPT UNPACKING pc=0x0000000002a9556a sp=0x000000000294e288 mode 2
Event: 4.009 Executing VM operation: ForceSafepoint
Event: 4.101 Executing VM operation: ForceSafepoint done


Dynamic libraries:
0x00007ff64a350000 - 0x00007ff64a381000 	E:\Android Studio\jre\bin\java.exe
0x00007ff83e810000 - 0x00007ff83e9d2000 	C:\Windows\SYSTEM32\ntdll.dll
0x00007ff83c8c0000 - 0x00007ff83c96d000 	C:\Windows\system32\KERNEL32.DLL
0x00007ff83bcf0000 - 0x00007ff83becd000 	C:\Windows\system32\KERNELBASE.dll
0x00007ff83c060000 - 0x00007ff83c106000 	C:\Windows\system32\ADVAPI32.dll
0x00007ff83e770000 - 0x00007ff83e80d000 	C:\Windows\system32\msvcrt.dll
0x00007ff83cae0000 - 0x00007ff83cb3b000 	C:\Windows\system32\sechost.dll
0x00007ff83bf30000 - 0x00007ff83c056000 	C:\Windows\system32\RPCRT4.dll
0x00007ff83c770000 - 0x00007ff83c8be000 	C:\Windows\system32\USER32.dll
0x00007ff83c110000 - 0x00007ff83c295000 	C:\Windows\system32\GDI32.dll
0x00007ff82eba0000 - 0x00007ff82ee14000 	C:\Windows\WinSxS\amd64_microsoft.windows.common-controls_6595b64144ccf1df_6.0.10240.17113_none_f41e180257520c58\COMCTL32.dll
0x00007ff83c730000 - 0x00007ff83c766000 	C:\Windows\system32\IMM32.DLL
0x00007ff83c970000 - 0x00007ff83cacc000 	C:\Windows\system32\MSCTF.dll
0x000000005c540000 - 0x000000005c612000 	E:\Android Studio\jre\jre\bin\msvcr100.dll
0x000000005c7a0000 - 0x000000005cfd4000 	E:\Android Studio\jre\jre\bin\server\jvm.dll
0x00007ff83cbb0000 - 0x00007ff83cbb8000 	C:\Windows\system32\PSAPI.DLL
0x00007ff82f200000 - 0x00007ff82f209000 	C:\Windows\SYSTEM32\WSOCK32.dll
0x00007ff83cb40000 - 0x00007ff83cba9000 	C:\Windows\system32\WS2_32.dll
0x00007ff83cdb0000 - 0x00007ff83cdb8000 	C:\Windows\system32\NSI.dll
0x00007ff8393b0000 - 0x00007ff8393d3000 	C:\Windows\SYSTEM32\WINMM.dll
0x00007ff834270000 - 0x00007ff83427a000 	C:\Windows\SYSTEM32\VERSION.dll
0x00007ff839350000 - 0x00007ff83937c000 	C:\Windows\SYSTEM32\WINMMBASE.dll
0x00007ff83b9b0000 - 0x00007ff83b9f4000 	C:\Windows\system32\cfgmgr32.dll
0x00007ff839ba0000 - 0x00007ff839bc7000 	C:\Windows\SYSTEM32\DEVOBJ.dll
0x00007ff832b30000 - 0x00007ff832b3f000 	E:\Android Studio\jre\jre\bin\verify.dll
0x00007ff818ac0000 - 0x00007ff818ae9000 	E:\Android Studio\jre\jre\bin\java.dll
0x00007ff818aa0000 - 0x00007ff818ab6000 	E:\Android Studio\jre\jre\bin\zip.dll
0x00007ff83d020000 - 0x00007ff83e543000 	C:\Windows\system32\SHELL32.dll
0x00007ff83b2d0000 - 0x00007ff83b8f9000 	C:\Windows\system32\windows.storage.dll
0x00007ff83c4b0000 - 0x00007ff83c72c000 	C:\Windows\system32\combase.dll
0x00007ff83c450000 - 0x00007ff83c4a1000 	C:\Windows\system32\shlwapi.dll
0x00007ff83b2c0000 - 0x00007ff83b2cf000 	C:\Windows\system32\kernel.appcore.dll
0x00007ff83ba00000 - 0x00007ff83bab3000 	C:\Windows\system32\shcore.dll
0x00007ff83b270000 - 0x00007ff83b2ba000 	C:\Windows\system32\powrprof.dll
0x00007ff83b230000 - 0x00007ff83b243000 	C:\Windows\system32\profapi.dll

VM Arguments:
jvm_args: -Djava.awt.headless=true -Xmx1024M -Dfile.encoding=windows-1252 -Duser.country=BR -Duser.language=pt -Duser.variant 
java_command: com.android.dx.command.Main --dex --force-jumbo --num-threads=4 --multi-dex --output C:\Users\EdG\Desktop\AppProjetoLocadoraEquipamentos\app\build\intermediates\transforms\dex\debug\folders\1000\10\com.google.android.gms-play-services-basement-8.1.0_84fc5e23c637f391df7cef9e8f290e8059e19919 C:\Users\EdG\Desktop\AppProjetoLocadoraEquipamentos\app\build\intermediates\exploded-aar\com.google.android.gms\play-services-basement\8.1.0\jars\classes.jar
java_class_path (initial): C:\Users\EdG\AppData\Local\Android\sdk\build-tools\23.0.2\lib\dx.jar
Launcher Type: SUN_STANDARD

Environment Variables:
PATH=C:\ProgramData\Oracle\Java\javapath;C:\Windows\system32;C:\Windows;C:\Windows\System32\Wbem;C:\Windows\System32\WindowsPowerShell\v1.0\;C:\Program Files (x86)\nodejs\;C:\Users\EdG\AppData\Roaming\npm
USERNAME=EdG
OS=Windows_NT
PROCESSOR_IDENTIFIER=Intel64 Family 6 Model 37 Stepping 5, GenuineIntel



---------------  S Y S T E M  ---------------

OS: Windows 10.0 , 64 bit Build 10240 (10.0.10240.17113)

CPU:total 4 (2 cores per cpu, 2 threads per core) family 6 model 37 stepping 5, cmov, cx8, fxsr, mmx, sse, sse2, sse3, ssse3, sse4.1, sse4.2, popcnt, ht, tsc, tscinvbit

Memory: 4k page, physical 3857156k(97468k free), swap 10105984k(5128k free)

vm_info: OpenJDK 64-Bit Server VM (25.76-b03) for windows-amd64 JRE (1.8.0_76-release-b03), built on Jun 29 2016 19:09:20 by "ralucas" with MS VC++ 10.0 (VS2010)

time: Thu Sep 29 02:56:12 2016
elapsed time: 4 seconds (0d 0h 0m 4s)

